
> @jeju-tourlist/api@1.0.0 lint /Users/ip9202/develop/vibe/jeju-tourlist/apps/api
> eslint src --ext .ts

(node:37342) [MODULE_TYPELESS_PACKAGE_JSON] Warning: Module type of file:///Users/ip9202/develop/vibe/jeju-tourlist/eslint.config.js?mtime=1758350521529 is not specified and it doesn't parse as CommonJS.
Reparsing as ES module because module syntax was detected. This incurs a performance overhead.
To eliminate this warning, add "type": "module" to /Users/ip9202/develop/vibe/jeju-tourlist/package.json.
(Use `node --trace-warnings ...` to show where the warning was created)

/Users/ip9202/develop/vibe/jeju-tourlist/apps/api/src/controllers/authController.ts
   83:21  warning  Unexpected any. Specify a different type  @typescript-eslint/no-explicit-any
  129:21  warning  Unexpected any. Specify a different type  @typescript-eslint/no-explicit-any
  174:21  warning  Unexpected any. Specify a different type  @typescript-eslint/no-explicit-any
  215:21  warning  Unexpected any. Specify a different type  @typescript-eslint/no-explicit-any
  258:21  warning  Unexpected any. Specify a different type  @typescript-eslint/no-explicit-any

/Users/ip9202/develop/vibe/jeju-tourlist/apps/api/src/controllers/userController.ts
   39:21  warning  Unexpected any. Specify a different type  @typescript-eslint/no-explicit-any
  101:21  warning  Unexpected any. Specify a different type  @typescript-eslint/no-explicit-any
  141:28  warning  Unexpected any. Specify a different type  @typescript-eslint/no-explicit-any
  158:22  warning  Unexpected any. Specify a different type  @typescript-eslint/no-explicit-any
  168:21  warning  Unexpected any. Specify a different type  @typescript-eslint/no-explicit-any
  201:53  warning  Unexpected any. Specify a different type  @typescript-eslint/no-explicit-any
  208:21  warning  Unexpected any. Specify a different type  @typescript-eslint/no-explicit-any
  246:32  warning  Unexpected any. Specify a different type  @typescript-eslint/no-explicit-any
  247:34  warning  Unexpected any. Specify a different type  @typescript-eslint/no-explicit-any
  255:21  warning  Unexpected any. Specify a different type  @typescript-eslint/no-explicit-any
  275:37  warning  Unexpected any. Specify a different type  @typescript-eslint/no-explicit-any
  324:21  warning  Unexpected any. Specify a different type  @typescript-eslint/no-explicit-any

/Users/ip9202/develop/vibe/jeju-tourlist/apps/api/src/index.ts
  139:18  error  '_error' is defined but never used  @typescript-eslint/no-unused-vars
  147:18  error  '_error' is defined but never used  @typescript-eslint/no-unused-vars

/Users/ip9202/develop/vibe/jeju-tourlist/apps/api/src/routes/auth.ts
   91:21  warning  Unexpected any. Specify a different type  @typescript-eslint/no-explicit-any
  122:21  warning  Unexpected any. Specify a different type  @typescript-eslint/no-explicit-any
  152:21  warning  Unexpected any. Specify a different type  @typescript-eslint/no-explicit-any

/Users/ip9202/develop/vibe/jeju-tourlist/apps/api/src/services/auth/AuthService.ts
  253:30  warning  Unexpected any. Specify a different type  @typescript-eslint/no-explicit-any

/Users/ip9202/develop/vibe/jeju-tourlist/apps/api/src/services/auth/JWTService.ts
  69:69  warning  Unexpected any. Specify a different type  @typescript-eslint/no-explicit-any
  92:45  warning  Unexpected any. Specify a different type  @typescript-eslint/no-explicit-any

/Users/ip9202/develop/vibe/jeju-tourlist/apps/api/src/types/index.ts
   2:34  warning  Unexpected any. Specify a different type  @typescript-eslint/no-explicit-any
  16:13  warning  Unexpected any. Specify a different type  @typescript-eslint/no-explicit-any

/Users/ip9202/develop/vibe/jeju-tourlist/apps/api/src/utils/response.ts
  26:15  warning  Unexpected any. Specify a different type  @typescript-eslint/no-explicit-any

✖ 28 problems (2 errors, 26 warnings)

 ELIFECYCLE  Command failed with exit code 1.
