
> @jeju-tourlist/database@1.0.0 build /Users/ip9202/develop/vibe/jeju-tourlist/packages/database
> tsc

src/__tests__/setup.ts(83,38): error TS18046: 'error' is of type 'unknown'.
src/errors/error-handler.ts(10,10): error TS2305: Module '"@prisma/client"' has no exported member 'Prisma'.
src/errors/error-handler.ts(35,12): error TS2511: Cannot create an instance of an abstract class.
src/errors/error-handler.ts(62,10): error TS2511: Cannot create an instance of an abstract class.
src/errors/error-handler.ts(129,14): error TS2511: Cannot create an instance of an abstract class.
src/errors/error-handler.ts(144,14): error TS2511: Cannot create an instance of an abstract class.
src/errors/error-handler.ts(173,10): error TS2511: Cannot create an instance of an abstract class.
src/errors/error-handler.ts(188,10): error TS2511: Cannot create an instance of an abstract class.
src/repositories/enhanced-user.repository.ts(37,45): error TS2314: Generic type 'BaseRepository<T, CreateData, UpdateData, SearchOptions>' requires 4 type argument(s).
src/repositories/enhanced-user.repository.ts(52,31): error TS2339: Property 'prisma' does not exist on type 'EnhancedUserRepository'.
src/repositories/enhanced-user.repository.ts(99,31): error TS2339: Property 'prisma' does not exist on type 'EnhancedUserRepository'.
src/repositories/enhanced-user.repository.ts(144,31): error TS2339: Property 'prisma' does not exist on type 'EnhancedUserRepository'.
src/repositories/enhanced-user.repository.ts(195,31): error TS2339: Property 'prisma' does not exist on type 'EnhancedUserRepository'.
src/repositories/enhanced-user.repository.ts(238,31): error TS2339: Property 'prisma' does not exist on type 'EnhancedUserRepository'.
src/repositories/enhanced-user.repository.ts(281,32): error TS2339: Property 'buildWhereClause' does not exist on type 'EnhancedUserRepository'.
src/repositories/enhanced-user.repository.ts(283,32): error TS2339: Property 'prisma' does not exist on type 'EnhancedUserRepository'.
src/repositories/enhanced-user.repository.ts(286,23): error TS2339: Property 'buildOrderBy' does not exist on type 'EnhancedUserRepository'.
src/repositories/enhanced-user.repository.ts(287,23): error TS2339: Property 'limit' does not exist on type 'UserSearchOptions'.
src/repositories/enhanced-user.repository.ts(288,23): error TS2339: Property 'offset' does not exist on type 'UserSearchOptions'.
src/repositories/enhanced-user.repository.ts(327,32): error TS2339: Property 'buildWhereClause' does not exist on type 'EnhancedUserRepository'.
src/repositories/enhanced-user.repository.ts(329,32): error TS2339: Property 'prisma' does not exist on type 'EnhancedUserRepository'.
src/repositories/enhanced-user.repository.ts(366,32): error TS2339: Property 'prisma' does not exist on type 'EnhancedUserRepository'.
 ELIFECYCLE  Command failed with exit code 2.
